This is XeTeX, Version 3.141592653-2.6-0.999997 (TeX Live 2025/TeX Live for SUSE Linux) (preloaded format=xelatex 2026.2.3)  23 FEB 2026 12:20
entering extended mode
 restricted \write18 enabled.
 %&-line parsing enabled.
**input.tex
(./input.tex
LaTeX2e <2024-11-01> patch level 2
L3 programming layer <2025-01-18>
(/usr/share/texmf/tex/latex/base/article.cls
Document Class: article 2024/06/29 v1.4n Standard LaTeX document class
(/usr/share/texmf/tex/latex/base/size12.clo
File: size12.clo 2024/06/29 v1.4n Standard LaTeX file (size option)
)
\c@part=\count192
\c@section=\count193
\c@subsection=\count194
\c@subsubsection=\count195
\c@paragraph=\count196
\c@subparagraph=\count197
\c@figure=\count198
\c@table=\count199
\abovecaptionskip=\skip49
\belowcaptionskip=\skip50
\bibindent=\dimen141
)
(/usr/share/texmf/tex/latex/amsmath/amsmath.sty
Package: amsmath 2024/11/05 v2.17t AMS math features
\@mathmargin=\skip51

For additional information on amsmath, use the `?' option.
(/usr/share/texmf/tex/latex/amsmath/amstext.sty
Package: amstext 2021/08/26 v2.01 AMS text

(/usr/share/texmf/tex/latex/amsmath/amsgen.sty
File: amsgen.sty 1999/11/30 v2.0 generic functions
\@emptytoks=\toks17
\ex@=\dimen142
))
(/usr/share/texmf/tex/latex/amsmath/amsbsy.sty
Package: amsbsy 1999/11/29 v1.2d Bold Symbols
\pmbraise@=\dimen143
)
(/usr/share/texmf/tex/latex/amsmath/amsopn.sty
Package: amsopn 2022/04/08 v2.04 operator names
)
\inf@bad=\count266
LaTeX Info: Redefining \frac on input line 233.
\uproot@=\count267
\leftroot@=\count268
LaTeX Info: Redefining \overline on input line 398.
LaTeX Info: Redefining \colon on input line 409.
\classnum@=\count269
\DOTSCASE@=\count270
LaTeX Info: Redefining \ldots on input line 495.
LaTeX Info: Redefining \dots on input line 498.
LaTeX Info: Redefining \cdots on input line 619.
\Mathstrutbox@=\box52
\strutbox@=\box53
LaTeX Info: Redefining \big on input line 721.
LaTeX Info: Redefining \Big on input line 722.
LaTeX Info: Redefining \bigg on input line 723.
LaTeX Info: Redefining \Bigg on input line 724.
\big@size=\dimen144
LaTeX Font Info:    Redeclaring font encoding OML on input line 742.
LaTeX Font Info:    Redeclaring font encoding OMS on input line 743.
\macc@depth=\count271
LaTeX Info: Redefining \bmod on input line 904.
LaTeX Info: Redefining \pmod on input line 909.
LaTeX Info: Redefining \smash on input line 939.
LaTeX Info: Redefining \relbar on input line 969.
LaTeX Info: Redefining \Relbar on input line 970.
\c@MaxMatrixCols=\count272
\dotsspace@=\muskip17
\c@parentequation=\count273
\dspbrk@lvl=\count274
\tag@help=\toks18
\row@=\count275
\column@=\count276
\maxfields@=\count277
\andhelp@=\toks19
\eqnshift@=\dimen145
\alignsep@=\dimen146
\tagshift@=\dimen147
\tagwidth@=\dimen148
\totwidth@=\dimen149
\lineht@=\dimen150
\@envbody=\toks20
\multlinegap=\skip52
\multlinetaggap=\skip53
\mathdisplay@stack=\toks21
LaTeX Info: Redefining \[ on input line 2953.
LaTeX Info: Redefining \] on input line 2954.
)
(/usr/share/texmf/tex/latex/fontspec/fontspec.sty
(/usr/share/texmf/tex/latex/l3packages/xparse/xparse.sty
(/usr/share/texmf/tex/latex/l3kernel/expl3.sty
Package: expl3 2025-01-18 L3 programming layer (loader) 

(/usr/share/texmf/tex/latex/l3backend/l3backend-xetex.def
File: l3backend-xetex.def 2024-05-08 L3 backend support: XeTeX
\g__graphics_track_int=\count278
\l__pdf_internal_box=\box54
\g__pdf_backend_annotation_int=\count279
\g__pdf_backend_link_int=\count280
))
Package: xparse 2024-08-16 L3 Experimental document command parser
)
Package: fontspec 2024/05/11 v2.9e Font selection for XeLaTeX and LuaLaTeX

(/usr/share/texmf/tex/latex/fontspec/fontspec-xetex.sty
Package: fontspec-xetex 2024/05/11 v2.9e Font selection for XeLaTeX and LuaLaTe
X
\l__fontspec_script_int=\count281
\l__fontspec_language_int=\count282
\l__fontspec_strnum_int=\count283
\l__fontspec_tmp_int=\count284
\l__fontspec_tmpa_int=\count285
\l__fontspec_tmpb_int=\count286
\l__fontspec_tmpc_int=\count287
\l__fontspec_em_int=\count288
\l__fontspec_emdef_int=\count289
\l__fontspec_strong_int=\count290
\l__fontspec_strongdef_int=\count291
\l__fontspec_tmpa_dim=\dimen151
\l__fontspec_tmpb_dim=\dimen152
\l__fontspec_tmpc_dim=\dimen153

(/usr/share/texmf/tex/latex/base/fontenc.sty
Package: fontenc 2021/04/29 v2.0v Standard LaTeX package
)
(/usr/share/texmf/tex/latex/fontspec/fontspec.cfg)))
(/usr/share/texmf/tex/latex/setspace/setspace.sty
Package: setspace 2022/12/04 v6.7b set line spacing
)
(/usr/share/texmf/tex/xelatex/mathspec/mathspec.sty
Package: mathspec 2016/12/22 v0.2b LaTeX Package (Mathematics font selection fo
r XeLaTeX)

(/usr/share/texmf/tex/latex/etoolbox/etoolbox.sty
Package: etoolbox 2025/02/11 v2.5l e-TeX tools for LaTeX (JAW)
\etb@tempcnta=\count292
)
(/usr/share/texmf/tex/generic/iftex/ifxetex.sty
Package: ifxetex 2019/10/25 v0.7 ifxetex legacy package. Use iftex instead.

(/usr/share/texmf/tex/generic/iftex/iftex.sty
Package: iftex 2024/12/12 v1.0g TeX engine tests
))
(/usr/share/texmf/tex/latex/xkeyval/xkeyval.sty
Package: xkeyval 2022/06/16 v2.9 package option processing (HA)

(/usr/share/texmf/tex/generic/xkeyval/xkeyval.tex
(/usr/share/texmf/tex/generic/xkeyval/xkvutils.tex
\XKV@toks=\toks22
\XKV@tempa@toks=\toks23

(/usr/share/texmf/tex/generic/xkeyval/keyval.tex))
\XKV@depth=\count293
File: xkeyval.tex 2014/12/03 v2.7a key=value parser (HA)
))
\c@eu@=\count294
\c@eu@i=\count295
\c@mkern=\count296
)
(/usr/share/texmf/tex/latex/tools/bm.sty
Package: bm 2023/12/19 v1.2f Bold Symbol Support (DPC/FMi)
\symboldoperators=\mathgroup4
\symboldletters=\mathgroup5
\symboldsymbols=\mathgroup6
Package bm Info: No bold for \OMX/cmex/m/n, using \pmb.
LaTeX Font Info:    Redeclaring math alphabet \mathbf on input line 149.
)

Package fontspec Info: 
(fontspec)             Font family 'XITS(0)' created for font 'XITS' with
(fontspec)             options [Ligatures=TeX].
(fontspec)              
(fontspec)              This font family consists of the following NFSS
(fontspec)             series/shapes:
(fontspec)              
(fontspec)             - 'normal' (m/n) with NFSS spec.:
(fontspec)             <->"XITS/OT:script=latn;language=dflt;mapping=tex-text;"

(fontspec)             - 'small caps'  (m/sc) with NFSS spec.:
(fontspec)             <->"XITS/OT:script=latn;language=dflt;+smcp;mapping=tex-
text;"
(fontspec)             - 'bold' (b/n) with NFSS spec.:
(fontspec)             <->"XITS/B/OT:script=latn;language=dflt;mapping=tex-text
;"
(fontspec)             - 'italic' (m/it) with NFSS spec.:
(fontspec)             <->"XITS/I/OT:script=latn;language=dflt;mapping=tex-text
;"
(fontspec)             - 'bold italic' (b/it) with NFSS spec.:
(fontspec)             <->"XITS/BI/OT:script=latn;language=dflt;mapping=tex-tex
t;"


(/usr/share/texmf/tex/latex/caption/caption.sty
Package: caption 2023/08/05 v3.6o Customizing captions (AR)

(/usr/share/texmf/tex/latex/caption/caption3.sty
Package: caption3 2023/07/31 v2.4d caption3 kernel (AR)
\caption@tempdima=\dimen154
\captionmargin=\dimen155
\caption@leftmargin=\dimen156
\caption@rightmargin=\dimen157
\caption@width=\dimen158
\caption@indent=\dimen159
\caption@parindent=\dimen160
\caption@hangindent=\dimen161
Package caption Info: Standard document class detected.
)
\c@caption@flags=\count297
\c@continuedfloat=\count298
)
(/usr/share/texmf/tex/latex/lipsum/lipsum.sty
(/usr/share/texmf/tex/latex/l3packages/l3keys2e/l3keys2e.sty
Package: l3keys2e 2024-08-16 LaTeX2e option processing using LaTeX3 keys
)
Package: lipsum 2021-09-20 v2.7 150 paragraphs of Lorem Ipsum dummy text
\g__lipsum_par_int=\count299
\l__lipsum_a_int=\count300
\l__lipsum_b_int=\count301

(/usr/share/texmf/tex/latex/lipsum/lipsum.ltd.tex))
(/usr/share/texmf/tex/latex/geometry/geometry.sty
Package: geometry 2020/01/02 v5.9 Page Geometry

(/usr/share/texmf/tex/generic/iftex/ifvtex.sty
Package: ifvtex 2019/10/25 v1.7 ifvtex legacy package. Use iftex instead.
)
\Gm@cnth=\count302
\Gm@cntv=\count303
\c@Gm@tempcnt=\count304
\Gm@bindingoffset=\dimen162
\Gm@wd@mp=\dimen163
\Gm@odd@mp=\dimen164
\Gm@even@mp=\dimen165
\Gm@layoutwidth=\dimen166
\Gm@layoutheight=\dimen167
\Gm@layouthoffset=\dimen168
\Gm@layoutvoffset=\dimen169
\Gm@dimlist=\toks24
)
(/usr/share/texmf/tex/latex/tools/afterpage.sty
Package: afterpage 2023/07/04 v1.08 After-Page Package (DPC)
\AP@output=\toks25
\AP@partial=\box55
\AP@footins=\box56
)
(/usr/share/texmf/tex/latex/graphics/graphicx.sty
Package: graphicx 2021/09/16 v1.2d Enhanced LaTeX Graphics (DPC,SPQR)

(/usr/share/texmf/tex/latex/graphics/graphics.sty
Package: graphics 2024/08/06 v1.4g Standard LaTeX Graphics (DPC,SPQR)

(/usr/share/texmf/tex/latex/graphics/trig.sty
Package: trig 2023/12/02 v1.11 sin cos tan (DPC)
)
(/usr/share/texmf/tex/latex/graphics-cfg/graphics.cfg
File: graphics.cfg 2016/06/04 v1.11 sample graphics configuration
)
Package graphics Info: Driver file: xetex.def on input line 106.

(/usr/share/texmf/tex/latex/graphics-def/xetex.def
File: xetex.def 2022/09/22 v5.0n Graphics/color driver for xetex
))
\Gin@req@height=\dimen170
\Gin@req@width=\dimen171
)
(/usr/share/texmf/tex/generic/babel/babel.sty
Package: babel 2025/02/14 v25.4 The multilingual framework for pdfLaTeX, LuaLaT
eX and XeLaTeX
\babel@savecnt=\count305
\U@D=\dimen172
\l@unhyphenated=\language56

(/usr/share/texmf/tex/generic/babel/xebabel.def)
\bbl@readstream=\read2
\bbl@dirlevel=\count306

(/usr/share/texmf/tex/generic/babel-serbianc/serbianc.ldf
Language: serbianc 2022/09/30 3.2a Serbian Cyrillic support for the Babel syste
m
Package babel Info: Making " an active character on input line 92.
\srbc@lettering=\count307
))
(/usr/share/texmf/tex/generic/babel/locale/sr/babel-serbianc.tex
Package babel Info: Importing font and identification data for serbianc
(babel)             from babel-sr.ini. Reported on input line 17.
)
(/usr/share/texmf/tex/latex/microtype/microtype.sty
Package: microtype 2025/02/11 v3.2a Micro-typographical refinements (RS)
\MT@toks=\toks26
\MT@tempbox=\box57
\MT@count=\count308
LaTeX Info: Redefining \noprotrusionifhmode on input line 1087.
LaTeX Info: Redefining \leftprotrusion on input line 1088.
\MT@prot@toks=\toks27
LaTeX Info: Redefining \rightprotrusion on input line 1107.
LaTeX Info: Redefining \textls on input line 1449.
\MT@outer@kern=\dimen173
LaTeX Info: Redefining \microtypecontext on input line 2053.
LaTeX Info: Redefining \textmicrotypecontext on input line 2070.
\MT@listname@count=\count309

(/usr/share/texmf/tex/latex/microtype/microtype-xetex.def
File: microtype-xetex.def 2025/02/11 v3.2a Definitions specific to xetex (RS)
LaTeX Info: Redefining \lsstyle on input line 443.
LaTeX Info: Redefining \lslig on input line 451.
\MT@outer@space=\skip54
)
Package microtype Info: Loading configuration file microtype.cfg.

(/usr/share/texmf/tex/latex/microtype/microtype.cfg
File: microtype.cfg 2025/02/11 v3.2a microtype main configuration file (RS)
)
LaTeX Info: Redefining \microtypesetup on input line 3065.
) (./input.aux)
\openout1 = `input.aux'.

LaTeX Font Info:    Checking defaults for OML/cmm/m/it on input line 33.
LaTeX Font Info:    ... okay on input line 33.
LaTeX Font Info:    Checking defaults for OMS/cmsy/m/n on input line 33.
LaTeX Font Info:    ... okay on input line 33.
LaTeX Font Info:    Checking defaults for OT1/cmr/m/n on input line 33.
LaTeX Font Info:    ... okay on input line 33.
LaTeX Font Info:    Checking defaults for T1/cmr/m/n on input line 33.
LaTeX Font Info:    ... okay on input line 33.
LaTeX Font Info:    Checking defaults for TS1/cmr/m/n on input line 33.
LaTeX Font Info:    ... okay on input line 33.
LaTeX Font Info:    Checking defaults for TU/lmr/m/n on input line 33.
LaTeX Font Info:    ... okay on input line 33.
LaTeX Font Info:    Checking defaults for OMX/cmex/m/n on input line 33.
LaTeX Font Info:    ... okay on input line 33.
LaTeX Font Info:    Checking defaults for U/cmr/m/n on input line 33.
LaTeX Font Info:    ... okay on input line 33.
Package caption Info: Begin \AtBeginDocument code.
Package caption Info: End \AtBeginDocument code.

*geometry* driver: auto-detecting
*geometry* detected driver: xetex
*geometry* verbose mode - [ preamble ] result:
* driver: xetex
* paper: a4paper
* layout: <same size as paper>
* layoutoffset:(h,v)=(0.0pt,0.0pt)
* modes: 
* h-part:(L,W,R)=(71.13188pt, 455.24411pt, 71.13188pt)
* v-part:(T,H,B)=(56.9055pt, 717.00946pt, 71.13188pt)
* \paperwidth=597.50787pt
* \paperheight=845.04684pt
* \textwidth=455.24411pt
* \textheight=717.00946pt
* \oddsidemargin=-1.1381pt
* \evensidemargin=-1.1381pt
* \topmargin=-52.36449pt
* \headheight=12.0pt
* \headsep=25.0pt
* \topskip=12.0pt
* \footskip=30.0pt
* \marginparwidth=35.0pt
* \marginparsep=10.0pt
* \columnsep=10.0pt
* \skip\footins=10.8pt plus 4.0pt minus 2.0pt
* \hoffset=0.0pt
* \voffset=0.0pt
* \mag=1000
* \@twocolumnfalse
* \@twosidefalse
* \@mparswitchfalse
* \@reversemarginfalse
* (1in=72.27pt=25.4mm, 1cm=28.453pt)

LaTeX Info: Redefining \microtypecontext on input line 33.
Package microtype Info: Applying patch `item' on input line 33.
Package microtype Info: Applying patch `toc' on input line 33.
Package microtype Info: Applying patch `eqnum' on input line 33.
Package microtype Info: Applying patch `footnote' on input line 33.
Package microtype Info: Applying patch `verbatim' on input line 33.
LaTeX Info: Redefining \microtypesetup on input line 33.
Package microtype Info: Character protrusion enabled (level 2).
Package microtype Info: Using default protrusion set `alltext'.
Package microtype Info: No adjustment of tracking.
Package microtype Info: No adjustment of spacing.
Package microtype Info: No adjustment of kerning.
Package microtype Info: Loading generic protrusion settings for font family
(microtype)             `XITS' (encoding: TU).
(microtype)             For optimal results, create family-specific settings.
(microtype)             See the microtype manual for details.
*geometry* verbose mode - [ newgeometry ] result:
* driver: xetex
* paper: a4paper
* layout: <same size as paper>
* layoutoffset:(h,v)=(0.0pt,0.0pt)
* modes: 
* h-part:(L,W,R)=(71.13188pt, 455.24411pt, 71.13188pt)
* v-part:(T,H,B)=(142.26378pt, 631.65118pt, 71.13188pt)
* \paperwidth=597.50787pt
* \paperheight=845.04684pt
* \textwidth=455.24411pt
* \textheight=631.65118pt
* \oddsidemargin=-1.1381pt
* \evensidemargin=-1.1381pt
* \topmargin=32.99379pt
* \headheight=12.0pt
* \headsep=25.0pt
* \topskip=12.0pt
* \footskip=30.0pt
* \marginparwidth=35.0pt
* \marginparsep=10.0pt
* \columnsep=10.0pt
* \skip\footins=10.8pt plus 4.0pt minus 2.0pt
* \hoffset=0.0pt
* \voffset=0.0pt
* \mag=1000
* \@twocolumnfalse
* \@twosidefalse
* \@mparswitchfalse
* \@reversemarginfalse
* (1in=72.27pt=25.4mm, 1cm=28.453pt)

(/usr/share/texmf/tex/latex/microtype/mt-cmr.cfg
File: mt-cmr.cfg 2013/05/19 v2.2 microtype config. file: Computer Modern Roman 
(RS)
) (./rezime.txt)

[1


]
*geometry* verbose mode - [ newgeometry ] result:
* driver: xetex
* paper: a4paper
* layout: <same size as paper>
* layoutoffset:(h,v)=(0.0pt,0.0pt)
* modes: 
* h-part:(L,W,R)=(71.13188pt, 455.24411pt, 71.13188pt)
* v-part:(T,H,B)=(56.9055pt, 717.00946pt, 71.13188pt)
* \paperwidth=597.50787pt
* \paperheight=845.04684pt
* \textwidth=455.24411pt
* \textheight=717.00946pt
* \oddsidemargin=-1.1381pt
* \evensidemargin=-1.1381pt
* \topmargin=-52.36449pt
* \headheight=12.0pt
* \headsep=25.0pt
* \topskip=12.0pt
* \footskip=30.0pt
* \marginparwidth=35.0pt
* \marginparsep=10.0pt
* \columnsep=10.0pt
* \skip\footins=10.8pt plus 4.0pt minus 2.0pt
* \hoffset=0.0pt
* \voffset=0.0pt
* \mag=1000
* \@twocolumnfalse
* \@twosidefalse
* \@mparswitchfalse
* \@reversemarginfalse
* (1in=72.27pt=25.4mm, 1cm=28.453pt)

File: 1.png Graphic file (type bmp)
<1.png>
 (./princip.txt

Package fontspec Info: 
(fontspec)             Could not resolve font "Latin Modern Math/BI" (it
(fontspec)             probably doesn't exist).


Package fontspec Info: 
(fontspec)             Could not resolve font "Latin Modern Math/B" (it
(fontspec)             probably doesn't exist).


Package fontspec Info: 
(fontspec)             Could not resolve font "Latin Modern Math/I" (it
(fontspec)             probably doesn't exist).


Package fontspec Info: 
(fontspec)             Font family 'LatinModernMath(0)' created for font
(fontspec)             'Latin Modern Math' with options [].
(fontspec)              
(fontspec)              This font family consists of the following NFSS
(fontspec)             series/shapes:
(fontspec)              
(fontspec)             - 'normal' (m/n) with NFSS spec.: <->"Latin Modern
(fontspec)             Math/OT:language=dflt;"

Package microtype Info: Loading generic protrusion settings for font family
(microtype)             `LatinModernMath' (encoding: TU).
(microtype)             For optimal results, create family-specific settings.
(microtype)             See the microtype manual for details.


[2

]
Package microtype Info: Loading generic protrusion settings for font family
(microtype)             `lmtt' (encoding: TU).
(microtype)             For optimal results, create family-specific settings.
(microtype)             See the microtype manual for details.


[3]) (./rezultati.txt
File: rezZaRad.png Graphic file (type bmp)
<rezZaRad.png>
) (./zakljucak.txt

[4]) (./zahvalnica.txt) (./literatura.txt
Overfull \hbox (3.37885pt too wide) in paragraph at lines 8--9
\TU/XITS(0)/m/n/10 2019. URL: \TU/lmtt/m/n/10/185ls https://personal.math.vt.ed
u/embree/cmda3606/chapter6.pdf 
 []


Overfull \hbox (3.5978pt too wide) in paragraph at lines 14--15
\TU/XITS(0)/m/n/10 URL: \TU/lmtt/m/n/10/157ls https://docs.opencv.org/4.x/dc/db
b/tutorial_py_calibration.html 
 []


Package microtype Warning: OT1/cmr/m/n/10 is a legacy font.
(microtype)                Cannot letterspace it on input line 16.


Package microtype Warning: OT1/cmr/m/n/7 is a legacy font.
(microtype)                Cannot letterspace it on input line 16.


Package microtype Warning: OT1/cmr/m/n/5 is a legacy font.
(microtype)                Cannot letterspace it on input line 16.


Package microtype Warning: OML/cmm/m/it/10 is a legacy font.
(microtype)                Cannot letterspace it on input line 16.


Package microtype Warning: OML/cmm/m/it/7 is a legacy font.
(microtype)                Cannot letterspace it on input line 16.


Package microtype Warning: OML/cmm/m/it/5 is a legacy font.
(microtype)                Cannot letterspace it on input line 16.


Package microtype Warning: OMS/cmsy/m/n/10 is a legacy font.
(microtype)                Cannot letterspace it on input line 16.


Package microtype Warning: OMS/cmsy/m/n/7 is a legacy font.
(microtype)                Cannot letterspace it on input line 16.


Package microtype Warning: OMS/cmsy/m/n/5 is a legacy font.
(microtype)                Cannot letterspace it on input line 16.


Package microtype Warning: OMX/cmex/m/n/10 is a legacy font.
(microtype)                Cannot letterspace it on input line 16.


Package microtype Warning: OMX/cmex/m/n/7 is a legacy font.
(microtype)                Cannot letterspace it on input line 16.


Package microtype Warning: OMX/cmex/m/n/5 is a legacy font.
(microtype)                Cannot letterspace it on input line 16.


Package microtype Warning: OT1/cmr/bx/n/10 is a legacy font.
(microtype)                Cannot letterspace it on input line 16.


Package microtype Warning: OT1/cmr/bx/n/7 is a legacy font.
(microtype)                Cannot letterspace it on input line 16.


Package microtype Warning: OT1/cmr/bx/n/5 is a legacy font.
(microtype)                Cannot letterspace it on input line 16.


Package microtype Warning: OML/cmm/b/it/10 is a legacy font.
(microtype)                Cannot letterspace it on input line 16.


Package microtype Warning: OML/cmm/b/it/7 is a legacy font.
(microtype)                Cannot letterspace it on input line 16.


Package microtype Warning: OML/cmm/b/it/5 is a legacy font.
(microtype)                Cannot letterspace it on input line 16.


Package microtype Warning: OMS/cmsy/b/n/10 is a legacy font.
(microtype)                Cannot letterspace it on input line 16.


Package microtype Warning: OMS/cmsy/b/n/7 is a legacy font.
(microtype)                Cannot letterspace it on input line 16.


Package microtype Warning: OMS/cmsy/b/n/5 is a legacy font.
(microtype)                Cannot letterspace it on input line 16.


Overfull \hbox (2.82205pt too wide) in paragraph at lines 16--17
\TU/XITS(0)/m/n/10 URL: \TU/lmtt/m/n/10/157ls https://www.cs.cmu.edu/$\OMS/cmsy
/m/n/10 ^^X$\TU/lmtt/m/n/10/157ls 16385/s17/Slides/11.4_Triangulation.pdf 
 []

)
Overfull \hbox (1.90544pt too wide) in paragraph at lines 20--104
\TU/XITS(0)/m/n/10 URL: \TU/lmtt/m/n/10/41ls https://docs.arduino.cc/language-r
eference/en/functions/communication/serial
 []


Underfull \hbox (badness 10000) in paragraph at lines 20--104

 []



[5] (./input.aux)
 ***********
LaTeX2e <2024-11-01> patch level 2
L3 programming layer <2025-01-18>
 ***********
 )
(\end occurred inside a group at level 1)

### simple group (level 1) entered at line 4 ({)
### bottom level 
Here is how much of TeX's memory you used:
 10668 strings out of 474512
 232195 string characters out of 5751823
 792956 words of memory out of 5000000
 33492 multiletter control sequences out of 15000+600000
 570363 words of font info for 125 fonts, out of 8000000 for 9000
 914 hyphenation exceptions out of 8191
 79i,8n,117p,1511b,472s stack positions out of 10000i,1000n,20000p,200000b,200000s

Output written on input.pdf (5 pages).
